<?xml version="1.0" encoding="UTF-8"?>
<!-- Generated by org.testng.reporters.JUnitXMLReporter -->
<testsuite ignored="0" hostname="LAPTOP-FA94PUIP" failures="0" tests="4" name="Default test" time="49.757" errors="0" timestamp="2024-07-22T10:12:34 IST">
  <testcase classname="Testcasesscenario.AdminpageTest" name="verifyadmin" time="6.154"/>
  <testcase classname="Testcasesscenario.AdminpageTest" name="verifyusername" time="7.905"/>
  <testcase classname="Testcasesscenario.AdminpageTest" name="verifysearchUserrole" time="8.063"/>
  <testcase classname="Testcasesscenario.AdminpageTest" name="verifysearchuserStatus" time="6.372"/>
</testsuite> <!-- Default test -->
