<?xml version="1.0" encoding="UTF-8"?>
<!-- Generated by org.testng.reporters.JUnitXMLReporter -->
<testsuite ignored="0" hostname="LAPTOP-FA94PUIP" failures="0" tests="4" name="AdminTest" time="44.195" errors="0" timestamp="2024-07-18T01:33:51 IST">
  <testcase classname="Testcasesscenario.AdminpageTest" name="verifyadmin" time="6.493"/>
  <testcase classname="Testcasesscenario.AdminpageTest" name="verifyusername" time="7.732"/>
  <testcase classname="Testcasesscenario.AdminpageTest" name="verifysearchUserrole" time="8.359"/>
  <testcase classname="Testcasesscenario.AdminpageTest" name="verifysearchuserStatus" time="6.48"/>
</testsuite> <!-- AdminTest -->
