<?xml version="1.0" encoding="UTF-8"?>
<!-- Generated by org.testng.reporters.JUnitXMLReporter -->
<testsuite ignored="0" hostname="LAPTOP-FA94PUIP" failures="0" tests="4" name="AdminpageTest" time="3.419" errors="0" timestamp="2024-07-17T05:58:03 IST">
  <testcase classname="Testcasesscenario.AdminpageTest" name="verifyadmin" time="0.0">
    <skipped/>
  </testcase> <!-- verifyadmin -->
  <testcase classname="Testcasesscenario.AdminpageTest" name="verifyusername" time="0.0">
    <skipped/>
  </testcase> <!-- verifyusername -->
  <testcase classname="Testcasesscenario.AdminpageTest" name="verifysearchUserrole" time="0.0">
    <skipped/>
  </testcase> <!-- verifysearchUserrole -->
  <testcase classname="Testcasesscenario.AdminpageTest" name="verifysearchuserStatus" time="0.0">
    <skipped/>
  </testcase> <!-- verifysearchuserStatus -->
</testsuite> <!-- AdminpageTest -->
