<?xml version="1.0" encoding="UTF-8"?>
<!-- Generated by org.testng.reporters.JUnitXMLReporter -->
<testsuite ignored="0" hostname="LAPTOP-FA94PUIP" failures="4" tests="5" name="Datadriventest" time="68.729" errors="0" timestamp="2024-07-17T06:02:26 IST">
  <testcase classname="Scenario1.Datadriventest" name="testcase" time="9.182">
    <failure type="java.lang.AssertionError" message="Login fail expected [true] but found [false]">
      <![CDATA[java.lang.AssertionError: Login fail expected [true] but found [false]
at Scenario1.Datadriventest.testcase(Datadriventest.java:34)
at java.base/java.util.ArrayList.forEach(ArrayList.java:1511)
... Removed 30 stack frames]]>
    </failure>
  </testcase> <!-- testcase -->
  <testcase classname="Scenario1.Datadriventest" name="testcase" time="12.402">
    <failure type="java.lang.AssertionError" message="Login fail expected [true] but found [false]">
      <![CDATA[java.lang.AssertionError: Login fail expected [true] but found [false]
at Scenario1.Datadriventest.testcase(Datadriventest.java:34)
at java.base/java.util.ArrayList.forEach(ArrayList.java:1511)
... Removed 30 stack frames]]>
    </failure>
  </testcase> <!-- testcase -->
  <testcase classname="Scenario1.Datadriventest" name="testcase" time="18.526">
    <failure type="java.lang.AssertionError" message="Login fail expected [true] but found [false]">
      <![CDATA[java.lang.AssertionError: Login fail expected [true] but found [false]
at Scenario1.Datadriventest.testcase(Datadriventest.java:34)
at java.base/java.util.ArrayList.forEach(ArrayList.java:1511)
... Removed 30 stack frames]]>
    </failure>
  </testcase> <!-- testcase -->
  <testcase classname="Scenario1.Datadriventest" name="testcase" time="14.038"/>
  <testcase classname="Scenario1.Datadriventest" name="testcase" time="13.773">
    <failure type="java.lang.AssertionError" message="Login fail expected [true] but found [false]">
      <![CDATA[java.lang.AssertionError: Login fail expected [true] but found [false]
at Scenario1.Datadriventest.testcase(Datadriventest.java:34)
at java.base/java.util.ArrayList.forEach(ArrayList.java:1511)
... Removed 30 stack frames]]>
    </failure>
  </testcase> <!-- testcase -->
</testsuite> <!-- Datadriventest -->
