<?xml version="1.0" encoding="UTF-8"?>
<!-- Generated by org.testng.reporters.JUnitXMLReporter -->
<testsuite ignored="0" hostname="LAPTOP-FA94PUIP" failures="0" tests="3" name="LoginpageTest" time="24.575" errors="0" timestamp="2024-07-17T05:57:59 IST">
  <testcase classname="Testcasesscenario.LoginpageTest" name="verifyurl" time="6.778"/>
  <testcase classname="Testcasesscenario.LoginpageTest" name="gettitle" time="4.256"/>
  <testcase classname="Testcasesscenario.LoginpageTest" name="validatelogin" time="5.898"/>
</testsuite> <!-- LoginpageTest -->
