<?xml version="1.0" encoding="UTF-8"?>
<!-- Generated by org.testng.reporters.JUnitXMLReporter -->
<testsuite ignored="0" hostname="LAPTOP-FA94PUIP" failures="0" tests="3" name="LoginTest" time="38.049" errors="0" timestamp="2024-07-18T01:33:07 IST">
  <testcase classname="Testcasesscenario.LoginpageTest" name="verifyurl" time="4.201"/>
  <testcase classname="Testcasesscenario.LoginpageTest" name="gettitle" time="4.097"/>
  <testcase classname="Testcasesscenario.LoginpageTest" name="validatelogin" time="7.112"/>
</testsuite> <!-- LoginTest -->
