<?xml version="1.0" encoding="UTF-8"?>
<testng-results ignored="0" total="4" passed="4" failed="0" skipped="0">
  <reporter-output>
  </reporter-output>
  <suite started-at="2024-07-22T10:11:44 IST" name="Default suite" finished-at="2024-07-22T10:12:34 IST" duration-ms="49757">
    <groups>
    </groups>
    <test started-at="2024-07-22T10:11:44 IST" name="Default test" finished-at="2024-07-22T10:12:34 IST" duration-ms="49757">
      <class name="Testcasesscenario.AdminpageTest">
        <test-method is-config="true" signature="Browsersetup()[pri:0, instance:Testcasesscenario.AdminpageTest@47db5fa5]" started-at="2024-07-22T10:11:44 IST" name="Browsersetup" finished-at="2024-07-22T10:12:02 IST" duration-ms="17573" status="PASS">
          <reporter-output>
          </reporter-output>
        </test-method> <!-- Browsersetup -->
        <test-method is-config="true" signature="pageSetup()[pri:0, instance:Testcasesscenario.AdminpageTest@47db5fa5]" started-at="2024-07-22T10:12:02 IST" name="pageSetup" finished-at="2024-07-22T10:12:05 IST" duration-ms="3404" status="PASS">
          <reporter-output>
          </reporter-output>
        </test-method> <!-- pageSetup -->
        <test-method signature="verifyadmin()[pri:1, instance:Testcasesscenario.AdminpageTest@47db5fa5]" started-at="2024-07-22T10:12:05 IST" name="verifyadmin" finished-at="2024-07-22T10:12:12 IST" duration-ms="6154" status="PASS">
          <reporter-output>
          </reporter-output>
        </test-method> <!-- verifyadmin -->
        <test-method signature="verifyusername()[pri:2, instance:Testcasesscenario.AdminpageTest@47db5fa5]" started-at="2024-07-22T10:12:12 IST" name="verifyusername" finished-at="2024-07-22T10:12:20 IST" duration-ms="7905" status="PASS">
          <reporter-output>
          </reporter-output>
        </test-method> <!-- verifyusername -->
        <test-method signature="verifysearchUserrole()[pri:3, instance:Testcasesscenario.AdminpageTest@47db5fa5]" started-at="2024-07-22T10:12:20 IST" name="verifysearchUserrole" finished-at="2024-07-22T10:12:28 IST" duration-ms="8063" status="PASS">
          <reporter-output>
          </reporter-output>
        </test-method> <!-- verifysearchUserrole -->
        <test-method signature="verifysearchuserStatus()[pri:4, instance:Testcasesscenario.AdminpageTest@47db5fa5]" started-at="2024-07-22T10:12:28 IST" name="verifysearchuserStatus" finished-at="2024-07-22T10:12:34 IST" duration-ms="6372" status="PASS">
          <reporter-output>
          </reporter-output>
        </test-method> <!-- verifysearchuserStatus -->
        <test-method is-config="true" signature="teardown()[pri:0, instance:Testcasesscenario.AdminpageTest@47db5fa5]" started-at="2024-07-22T10:12:34 IST" name="teardown" finished-at="2024-07-22T10:12:34 IST" duration-ms="206" status="PASS">
          <reporter-output>
          </reporter-output>
        </test-method> <!-- teardown -->
      </class> <!-- Testcasesscenario.AdminpageTest -->
    </test> <!-- Default test -->
  </suite> <!-- Default suite -->
</testng-results>
